model-android-en/README
model-android-en/am/final.mdl
model-android-en/conf/mfcc.conf
model-android-en/conf/model.conf
model-android-en/graph/Gr.fst
model-android-en/graph/HCLr.fst
model-android-en/graph/disambig_tid.int
model-android-en/graph/phones/word_boundary.int
model-android-en/ivector/final.dubm
model-android-en/ivector/final.ie
model-android-en/ivector/final.mat
model-android-en/ivector/global_cmvn.stats
model-android-en/ivector/online_cmvn.conf
model-android-en/ivector/splice.conf
model-spk/README.txt
model-spk/final.ext.raw
model-spk/mean.vec
model-spk/mfcc.conf
model-spk/transform.mat
classifier/README.md
classifier/meta_vosk.pkl
classifier/svm_vosk.json
profiles.zip
